<?xml version="1.0" encoding="UTF-8"?>
<testng-results ignored="0" total="1" passed="1" failed="0" skipped="0">
  <reporter-output>
  </reporter-output>
  <suite started-at="2022-12-28T23:16:21 GMT-08:00" name="Failed suite [OpencartSuite]" finished-at="2022-12-28T23:16:46 GMT-08:00" duration-ms="24554">
    <groups>
      <group name="Master">
        <method signature="TC_002_LoginTest.test_login()[pri:0, instance:testCases.TC_002_LoginTest@2892d68]" name="test_login" class="testCases.TC_002_LoginTest"/>
      </group> <!-- Master -->
      <group name="Sanity">
        <method signature="TC_002_LoginTest.test_login()[pri:0, instance:testCases.TC_002_LoginTest@2892d68]" name="test_login" class="testCases.TC_002_LoginTest"/>
      </group> <!-- Sanity -->
    </groups>
    <test started-at="2022-12-28T23:16:21 GMT-08:00" name="OpencartTest(failed)" finished-at="2022-12-28T23:16:46 GMT-08:00" duration-ms="24554">
      <class name="testCases.TC_002_LoginTest">
        <test-method is-config="true" signature="setUp(java.lang.String)[pri:0, instance:testCases.TC_002_LoginTest@2892d68]" started-at="2022-12-28T23:16:22 GMT-08:00" name="setUp" finished-at="2022-12-28T23:16:40 GMT-08:00" duration-ms="17659" status="PASS">
          <params>
            <param index="0">
              <value>
                <![CDATA[chrome]]>
              </value>
            </param>
          </params>
          <reporter-output>
          </reporter-output>
        </test-method> <!-- setUp -->
        <test-method signature="test_login()[pri:0, instance:testCases.TC_002_LoginTest@2892d68]" started-at="2022-12-28T23:16:40 GMT-08:00" name="test_login" finished-at="2022-12-28T23:16:45 GMT-08:00" duration-ms="5182" status="PASS">
          <reporter-output>
          </reporter-output>
        </test-method> <!-- test_login -->
        <test-method is-config="true" signature="tearDown()[pri:0, instance:testCases.TC_002_LoginTest@2892d68]" started-at="2022-12-28T23:16:45 GMT-08:00" name="tearDown" finished-at="2022-12-28T23:16:46 GMT-08:00" duration-ms="778" status="PASS">
          <reporter-output>
          </reporter-output>
        </test-method> <!-- tearDown -->
      </class> <!-- testCases.TC_002_LoginTest -->
    </test> <!-- OpencartTest(failed) -->
  </suite> <!-- Failed suite [OpencartSuite] -->
</testng-results>
