<?xml version="1.0" encoding="UTF-8"?>
<!-- Generated by org.testng.reporters.JUnitXMLReporter -->
<testsuite ignored="0" hostname="DESKTOP-S4JUL1R" failures="1" tests="2" name="OpencartTest" time="51.228" errors="0" timestamp="2022-12-28T23:15:34 GMT-08:00">
  <testcase classname="testCases.TC_00_AccountRegistrationTest" name="test_account_Registration" time="6.468"/>
  <testcase classname="testCases.TC_002_LoginTest" name="test_login" time="13.442">
    <failure type="java.lang.AssertionError" message="Invalidlogin data expected [true] but found [false]">
      <![CDATA[java.lang.AssertionError: Invalidlogin data expected [true] but found [false]
at testCases.TC_002_LoginTest.test_login(TC_002_LoginTest.java:37)
at java.base/java.util.ArrayList.forEach(ArrayList.java:1511)
... Removed 32 stack frames]]>
    </failure>
  </testcase> <!-- test_login -->
</testsuite> <!-- OpencartTest -->
